master
node分支为：master
node分支名为：master
node端口:6000

master pulling the new node code ...

master pull the new node code is OK !

master build the  node code ...

master build node code is Fail !
---------------------------------------------
npm ERR! Linux 3.19.0-25-generic
npm ERR! argv "/usr/bin/node" "/usr/bin/npm" "run" "static"
npm ERR! node v6.11.3
npm ERR! npm  v3.10.10
npm ERR! file sh
npm ERR! code ELIFECYCLE
npm ERR! errno ENOENT
npm ERR! syscall spawn
npm ERR! qycloud@0.0.1 static: `webpack --config=public/webpack.config.js --context=public`
npm ERR! spawn ENOENT
npm ERR! 
npm ERR! Failed at the qycloud@0.0.1 static script 'webpack --config=public/webpack.config.js --context=public'.
npm ERR! Make sure you have the latest version of node.js and npm installed.
npm ERR! If you do, this is most likely a problem with the qycloud package,
npm ERR! not with npm itself.
npm ERR! Tell the author that this fails on your system:
npm ERR!     webpack --config=public/webpack.config.js --context=public
npm ERR! You can get information on how to open an issue for this project with:
npm ERR!     npm bugs qycloud
npm ERR! Or if that isn't available, you can get their info via:
npm ERR!     npm owner ls qycloud
npm ERR! There is likely additional logging output above.
npm ERR! Please include the following file with any support request:
npm ERR!     /var/www/Node-master/npm-debug.log
update node modules....
husky
setting up hooks
done

Cached binary found at /root/.npminstall_tarball/node-sass/4.7.2/linux-x64-48_binding.node
Binary found at /var/www/Node-master/node_modules/_node-sass@4.7.2@node-sass/vendor/linux-x64-48/binding.node
Testing binary
Binary is fine
Recently updated (since 2017-11-22): 15 packages (detail see file /var/www/Node-master/node_modules/.recently_updates.txt)
master build  node code is OK !
┌─────────────┬────┬──────┬───────┬────────┬─────────┬────────┬─────┬───────────┬──────┬──────────┐
│ App name    │ id │ mode │ pid   │ status │ restart │ uptime │ cpu │ mem       │ user │ watching │
├─────────────┼────┼──────┼───────┼────────┼─────────┼────────┼─────┼───────────┼──────┼──────────┤
│ node_master │ 0  │ fork │ 32311 │ online │ 2       │ 18m    │ 0%  │ 48.1 MB   │ root │ disabled │
└─────────────┴────┴──────┴───────┴────────┴─────────┴────────┴─────┴───────────┴──────┴──────────┘
 Use `pm2 show <id|name>` to get more details about an app

Restart pm2 ...

 restart pm2  is OK !
master
node分支为：master
node分支名为：master
该目录已存在，请联系运维处理！！
代码目录存在，可以删除
nginx配置文件存在，可以删除
